<?xml version="1.0" encoding="UTF-8"?>
<testng-results ignored="0" total="1" passed="1" failed="0" skipped="0">
  <reporter-output>
  </reporter-output>
  <suite started-at="2023-05-02T17:40:14 IST" name="Suite" finished-at="2023-05-02T17:41:04 IST" duration-ms="49850">
    <groups>
    </groups>
    <test started-at="2023-05-02T17:40:14 IST" name="Test" finished-at="2023-05-02T17:41:04 IST" duration-ms="49850">
      <class name="hrm.browser">
        <test-method signature="verify_the_browser_launching()[pri:0, instance:hrm.browser@799f10e1]" started-at="2023-05-02T17:40:14 IST" name="verify_the_browser_launching" finished-at="2023-05-02T17:41:04 IST" duration-ms="49753" status="PASS">
          <reporter-output>
          </reporter-output>
        </test-method> <!-- verify_the_browser_launching -->
      </class> <!-- hrm.browser -->
    </test> <!-- Test -->
  </suite> <!-- Suite -->
</testng-results>
